<?xml version="1.0" encoding="UTF-8"?>
<!-- Generated by org.testng.reporters.JUnitReportReporter -->
<testsuite skipped="0" hostname="MSI" name="TestCases.TC1_LoginPage" tests="3" failures="0" timestamp="27 Oct 2021 08:54:34 GMT" time="12.627" errors="0">
  <testcase name="t_01_validating_Url" time="4.445" classname="TestCases.TC1_LoginPage"/>
  <testcase name="t_03_Validating_logout" time="4.320" classname="TestCases.TC1_LoginPage"/>
  <testcase name="t_02_login" time="3.862" classname="TestCases.TC1_LoginPage"/>
</testsuite> <!-- TestCases.TC1_LoginPage -->
